<?xml version="1.0" encoding="UTF-8"?>
<!-- Generated by org.testng.reporters.JUnitReportReporter -->
<testsuite hostname="DESKTOP-CRAHLF4" failures="0" tests="4" name="TC_LoginTest_001" time="10.054" errors="0" timestamp="2024-08-01T17:10:20 IST" skipped="0">
  <testcase classname="TC_LoginTest_001" name="loginTest" time="0.026"/>
  <system-out/>
  <testcase classname="TC_LoginTest_001" name="pageTitle" time="3.080"/>
  <system-out/>
  <testcase classname="TC_LoginTest_001" name="verifyHeader" time="3.092"/>
  <system-out/>
  <testcase classname="TC_LoginTest_001" name="verifyLoginTitle" time="3.856"/>
  <system-out/>
</testsuite> <!-- TC_LoginTest_001 -->
