<?xml version="1.0" encoding="UTF-8"?>
<!-- Generated by org.testng.reporters.JUnitReportReporter -->
<testsuite hostname="DESKTOP-CRAHLF4" failures="0" tests="4" name="com.framework.tests.LoginPageTestCases" time="14.697" errors="0" timestamp="2024-10-17T11:29:47 IST" skipped="0">
  <testcase classname="com.framework.tests.LoginPageTestCases" name="verifyHeaderTitleText" time="4.682"/>
  <system-out/>
  <testcase classname="com.framework.tests.LoginPageTestCases" name="verifyLoginTitle" time="3.219"/>
  <system-out/>
  <testcase classname="com.framework.tests.LoginPageTestCases" name="verifyLogo" time="3.459"/>
  <system-out/>
  <testcase classname="com.framework.tests.LoginPageTestCases" name="verifyPageTitle" time="3.337"/>
  <system-out/>
</testsuite> <!-- com.framework.tests.LoginPageTestCases -->
