<?xml version="1.0" encoding="UTF-8"?>
<!-- Generated by org.testng.reporters.JUnitReportReporter -->
<testsuite hostname="DESKTOP-CRAHLF4" failures="0" tests="4" name="com.framework.tests.LoginPageUITestCases" time="11.889" errors="0" timestamp="2024-10-17T18:28:17 IST" skipped="0">
  <testcase classname="com.framework.tests.LoginPageUITestCases" name="verifyWelcomeHeaderText" time="3.785"/>
  <system-out/>
  <testcase classname="com.framework.tests.LoginPageUITestCases" name="verifyPageTitle" time="2.574"/>
  <system-out/>
  <testcase classname="com.framework.tests.LoginPageUITestCases" name="verifyLoginTitleText" time="2.719"/>
  <system-out/>
  <testcase classname="com.framework.tests.LoginPageUITestCases" name="verifyLogoDisplayed" time="2.811"/>
  <system-out/>
</testsuite> <!-- com.framework.tests.LoginPageUITestCases -->
